<?xml version="1.0" encoding="UTF-8" ?>
<testsuite tests="2" failures="2" name="com.qa.RestAPI.RestAssuredTest" time="0.888" errors="0" skipped="0">
  <properties>
    <property name="java.runtime.name" value="Java(TM) SE Runtime Environment"/>
    <property name="sun.boot.library.path" value="C:\Java\jdk1.8.0_211\jre\bin"/>
    <property name="java.vm.version" value="25.211-b12"/>
    <property name="java.vm.vendor" value="Oracle Corporation"/>
    <property name="maven.multiModuleProjectDirectory" value="E:\workspace\workspace\SecurePay\RestAuusredTest"/>
    <property name="java.vendor.url" value="http://java.oracle.com/"/>
    <property name="path.separator" value=";"/>
    <property name="guice.disable.misplaced.annotation.check" value="true"/>
    <property name="java.vm.name" value="Java HotSpot(TM) 64-Bit Server VM"/>
    <property name="file.encoding.pkg" value="sun.io"/>
    <property name="user.script" value=""/>
    <property name="user.country" value="AU"/>
    <property name="sun.java.launcher" value="SUN_STANDARD"/>
    <property name="sun.os.patch.level" value=""/>
    <property name="java.vm.specification.name" value="Java Virtual Machine Specification"/>
    <property name="user.dir" value="E:\workspace\workspace\SecurePay\RestAuusredTest"/>
    <property name="java.runtime.version" value="1.8.0_211-b12"/>
    <property name="java.awt.graphicsenv" value="sun.awt.Win32GraphicsEnvironment"/>
    <property name="java.endorsed.dirs" value="C:\Java\jdk1.8.0_211\jre\lib\endorsed"/>
    <property name="os.arch" value="amd64"/>
    <property name="java.io.tmpdir" value="C:\Users\Shiva\AppData\Local\Temp\"/>
    <property name="line.separator" value="
"/>
    <property name="java.vm.specification.vendor" value="Oracle Corporation"/>
    <property name="user.variant" value=""/>
    <property name="os.name" value="Windows 10"/>
    <property name="classworlds.conf" value="E:\workspace\workspace\SecurePay\.metadata\.plugins\org.eclipse.m2e.launching\launches\m2conf8419833834572413164.tmp"/>
    <property name="sun.jnu.encoding" value="Cp1252"/>
    <property name="java.library.path" value="C:\Java\jdk1.8.0_211\bin;C:\Windows\Sun\Java\bin;C:\Windows\system32;C:\Windows;C:/Java/jdk1.8.0_211/bin/../jre/bin/server;C:/Java/jdk1.8.0_211/bin/../jre/bin;C:/Java/jdk1.8.0_211/bin/../jre/lib/amd64;C:\Java\jdk1.8.0_211\bin;C:\Program Files (x86)\Common Files\Oracle\Java\javapath;C:\Windows\system32;C:\Windows;C:\Windows\System32\Wbem;C:\Windows\System32\WindowsPowerShell\v1.0\;C:\Windows\System32\OpenSSH\;C:\Program Files\Git\cmd;C:\Program Files\PuTTY\;E:\ansi189-bin\x64;E:\apache-maven-3.6.1\bin;E:\allure-2.12.0\bin;C:\PROGRA~2\Groovy\GROOVY~1.0\bin;C:\Ruby26-x64\bin;C:\Users\Shiva\AppData\Local\Microsoft\WindowsApps;D:\Softwares\eclipse-java-2019-06-R-win32-x86_64\eclipse;;."/>
    <property name="java.specification.name" value="Java Platform API Specification"/>
    <property name="java.class.version" value="52.0"/>
    <property name="sun.management.compiler" value="HotSpot 64-Bit Tiered Compilers"/>
    <property name="os.version" value="10.0"/>
    <property name="user.home" value="C:\Users\Shiva"/>
    <property name="user.timezone" value="Australia/Sydney"/>
    <property name="java.awt.printerjob" value="sun.awt.windows.WPrinterJob"/>
    <property name="java.specification.version" value="1.8"/>
    <property name="file.encoding" value="Cp1252"/>
    <property name="user.name" value="Shiva"/>
    <property name="java.class.path" value="D:\Softwares\eclipse-java-2019-06-R-win32-x86_64\eclipse\plugins\org.eclipse.m2e.maven.runtime_1.12.0.20190529-1915\jars\plexus-classworlds-2.6.0.jar"/>
    <property name="java.vm.specification.version" value="1.8"/>
    <property name="sun.arch.data.model" value="64"/>
    <property name="java.home" value="C:\Java\jdk1.8.0_211\jre"/>
    <property name="sun.java.command" value="org.codehaus.plexus.classworlds.launcher.Launcher -B clean install"/>
    <property name="java.specification.vendor" value="Oracle Corporation"/>
    <property name="user.language" value="en"/>
    <property name="awt.toolkit" value="sun.awt.windows.WToolkit"/>
    <property name="java.vm.info" value="mixed mode"/>
    <property name="java.version" value="1.8.0_211"/>
    <property name="java.ext.dirs" value="C:\Java\jdk1.8.0_211\jre\lib\ext;C:\Windows\Sun\Java\lib\ext"/>
    <property name="sun.boot.class.path" value="C:\Java\jdk1.8.0_211\jre\lib\resources.jar;C:\Java\jdk1.8.0_211\jre\lib\rt.jar;C:\Java\jdk1.8.0_211\jre\lib\sunrsasign.jar;C:\Java\jdk1.8.0_211\jre\lib\jsse.jar;C:\Java\jdk1.8.0_211\jre\lib\jce.jar;C:\Java\jdk1.8.0_211\jre\lib\charsets.jar;C:\Java\jdk1.8.0_211\jre\lib\jfr.jar;C:\Java\jdk1.8.0_211\jre\classes"/>
    <property name="java.vendor" value="Oracle Corporation"/>
    <property name="maven.home" value="E:\workspace\workspace\SecurePay\RestAuusredTest\EMBEDDED"/>
    <property name="file.separator" value="\"/>
    <property name="java.vendor.url.bug" value="http://bugreport.sun.com/bugreport/"/>
    <property name="sun.cpu.endian" value="little"/>
    <property name="sun.io.unicode.encoding" value="UnicodeLittle"/>
    <property name="sun.desktop" value="windows"/>
    <property name="sun.cpu.isalist" value="amd64"/>
  </properties>
  <testcase classname="com.qa.RestAPI.RestAssuredTest" name="testLogging" time="0.886">
    <failure message="io/restassured/mapper/factory/GsonObjectMapperFactory" type="java.lang.NoClassDefFoundError">java.lang.NoClassDefFoundError: io/restassured/mapper/factory/GsonObjectMapperFactory
	at io.restassured.config.RestAssuredConfig.&lt;init&gt;(RestAssuredConfig.java:41)
	at io.restassured.RestAssured.&lt;clinit&gt;(RestAssured.java:420)
	at com.qa.RestAPI.RestAssuredTest.testLogging(RestAssuredTest.java:27)
Caused by: java.lang.ClassNotFoundException: io.restassured.mapper.factory.GsonObjectMapperFactory
	at java.net.URLClassLoader.findClass(URLClassLoader.java:382)
	at java.lang.ClassLoader.loadClass(ClassLoader.java:424)
	at sun.misc.Launcher$AppClassLoader.loadClass(Launcher.java:349)
	at java.lang.ClassLoader.loadClass(ClassLoader.java:357)
	... 37 more
</failure>
    <system-out>Configuring TestNG with: org.apache.maven.surefire.testng.conf.TestNG652Configurator@123a439b
</system-out>
  </testcase>
  <testcase classname="com.qa.RestAPI.RestAssuredTest" name="testStatusCode" time="0.002">
    <failure message="Could not initialize class io.restassured.RestAssured" type="java.lang.NoClassDefFoundError">java.lang.NoClassDefFoundError: Could not initialize class io.restassured.RestAssured
	at com.qa.RestAPI.RestAssuredTest.testStatusCode(RestAssuredTest.java:16)
</failure>
  </testcase>
</testsuite>